app/manifest-merger-release-report.txt
-- Merging decision tree log ---
manifest
ADDED from AndroidManifest.xml:2:1
	package
		ADDED from AndroidManifest.xml:3:5
		INJECTED from AndroidManifest.xml:0:0
		INJECTED from AndroidManifest.xml:0:0
	android:versionName
		ADDED from AndroidManifest.xml:5:5
		INJECTED from AndroidManifest.xml:0:0
		INJECTED from AndroidManifest.xml:0:0
	xmlns:tools
		ADDED from AndroidManifest.xml:6:5
	android:versionCode
		ADDED from AndroidManifest.xml:4:5
		INJECTED from AndroidManifest.xml:0:0
		INJECTED from AndroidManifest.xml:0:0
	xmlns:android
		ADDED from AndroidManifest.xml:2:11
uses-sdk
ADDED from AndroidManifest.xml:8:1
MERGED from com.android.support:appcompat-v7:22.2.1:20:5
MERGED from com.android.support:support-v4:22.2.1:20:5
MERGED from CrappyBird:andengine:unspecified:7:5
MERGED from com.android.support:appcompat-v7:22.2.1:20:5
MERGED from com.android.support:support-v4:22.2.1:20:5
MERGED from CrappyBird:BaseGameUtils:unspecified:22:5
MERGED from com.android.support:appcompat-v7:22.2.1:20:5
MERGED from com.android.support:support-v4:22.2.1:20:5
MERGED from com.android.support:support-v4:22.2.1:20:5
MERGED from com.google.android.gms:play-services:7.8.0:18:5
MERGED from com.google.android.gms:play-services-ads:7.8.0:23:5
MERGED from com.google.android.gms:play-services-base:7.8.0:18:5
MERGED from com.android.support:support-v4:22.2.1:20:5
MERGED from com.google.android.gms:play-services-analytics:7.8.0:18:5
MERGED from com.google.android.gms:play-services-base:7.8.0:18:5
MERGED from com.android.support:support-v4:22.2.1:20:5
MERGED from com.google.android.gms:play-services-appindexing:7.8.0:18:5
MERGED from com.google.android.gms:play-services-base:7.8.0:18:5
MERGED from com.android.support:support-v4:22.2.1:20:5
MERGED from com.google.android.gms:play-services-analytics:7.8.0:18:5
MERGED from com.google.android.gms:play-services-base:7.8.0:18:5
MERGED from com.android.support:support-v4:22.2.1:20:5
MERGED from com.google.android.gms:play-services-appindexing:7.8.0:18:5
MERGED from com.google.android.gms:play-services-base:7.8.0:18:5
MERGED from com.android.support:support-v4:22.2.1:20:5
MERGED from com.google.android.gms:play-services-appinvite:7.8.0:18:5
MERGED from com.google.android.gms:play-services-base:7.8.0:18:5
MERGED from com.android.support:support-v4:22.2.1:20:5
MERGED from com.google.android.gms:play-services-appstate:7.8.0:18:5
MERGED from com.google.android.gms:play-services-base:7.8.0:18:5
MERGED from com.android.support:support-v4:22.2.1:20:5
MERGED from com.google.android.gms:play-services-base:7.8.0:18:5
MERGED from com.android.support:support-v4:22.2.1:20:5
MERGED from com.google.android.gms:play-services-cast:7.8.0:18:5
MERGED from com.google.android.gms:play-services-base:7.8.0:18:5
MERGED from com.android.support:support-v4:22.2.1:20:5
MERGED from com.android.support:mediarouter-v7:22.2.0:20:5
MERGED from com.android.support:appcompat-v7:22.2.1:20:5
MERGED from com.android.support:support-v4:22.2.1:20:5
MERGED from com.google.android.gms:play-services-drive:7.8.0:18:5
MERGED from com.google.android.gms:play-services-base:7.8.0:18:5
MERGED from com.android.support:support-v4:22.2.1:20:5
MERGED from com.google.android.gms:play-services-fitness:7.8.0:18:5
MERGED from com.google.android.gms:play-services-base:7.8.0:18:5
MERGED from com.android.support:support-v4:22.2.1:20:5
MERGED from com.google.android.gms:play-services-location:7.8.0:18:5
MERGED from com.google.android.gms:play-services-base:7.8.0:18:5
MERGED from com.android.support:support-v4:22.2.1:20:5
MERGED from com.google.android.gms:play-services-maps:7.8.0:27:5
MERGED from com.google.android.gms:play-services-base:7.8.0:18:5
MERGED from com.android.support:support-v4:22.2.1:20:5
MERGED from com.google.android.gms:play-services-games:7.8.0:18:5
MERGED from com.google.android.gms:play-services-base:7.8.0:18:5
MERGED from com.android.support:support-v4:22.2.1:20:5
MERGED from com.google.android.gms:play-services-drive:7.8.0:18:5
MERGED from com.google.android.gms:play-services-base:7.8.0:18:5
MERGED from com.android.support:support-v4:22.2.1:20:5
MERGED from com.google.android.gms:play-services-gcm:7.8.0:18:5
MERGED from com.google.android.gms:play-services-base:7.8.0:18:5
MERGED from com.android.support:support-v4:22.2.1:20:5
MERGED from com.google.android.gms:play-services-identity:7.8.0:18:5
MERGED from com.google.android.gms:play-services-base:7.8.0:18:5
MERGED from com.android.support:support-v4:22.2.1:20:5
MERGED from com.google.android.gms:play-services-location:7.8.0:18:5
MERGED from com.google.android.gms:play-services-base:7.8.0:18:5
MERGED from com.android.support:support-v4:22.2.1:20:5
MERGED from com.google.android.gms:play-services-maps:7.8.0:27:5
MERGED from com.google.android.gms:play-services-base:7.8.0:18:5
MERGED from com.android.support:support-v4:22.2.1:20:5
MERGED from com.google.android.gms:play-services-maps:7.8.0:27:5
MERGED from com.google.android.gms:play-services-base:7.8.0:18:5
MERGED from com.android.support:support-v4:22.2.1:20:5
MERGED from com.google.android.gms:play-services-nearby:7.8.0:18:5
MERGED from com.google.android.gms:play-services-base:7.8.0:18:5
MERGED from com.android.support:support-v4:22.2.1:20:5
MERGED from com.google.android.gms:play-services-panorama:7.8.0:18:5
MERGED from com.google.android.gms:play-services-base:7.8.0:18:5
MERGED from com.android.support:support-v4:22.2.1:20:5
MERGED from com.google.android.gms:play-services-plus:7.8.0:18:5
MERGED from com.google.android.gms:play-services-base:7.8.0:18:5
MERGED from com.android.support:support-v4:22.2.1:20:5
MERGED from com.google.android.gms:play-services-safetynet:7.8.0:18:5
MERGED from com.google.android.gms:play-services-base:7.8.0:18:5
MERGED from com.android.support:support-v4:22.2.1:20:5
MERGED from com.google.android.gms:play-services-vision:7.8.0:4:5
MERGED from com.google.android.gms:play-services-base:7.8.0:18:5
MERGED from com.android.support:support-v4:22.2.1:20:5
MERGED from com.google.android.gms:play-services-wallet:7.8.0:19:5
MERGED from com.google.android.gms:play-services-base:7.8.0:18:5
MERGED from com.android.support:support-v4:22.2.1:20:5
MERGED from com.google.android.gms:play-services-identity:7.8.0:18:5
MERGED from com.google.android.gms:play-services-base:7.8.0:18:5
MERGED from com.android.support:support-v4:22.2.1:20:5
MERGED from com.google.android.gms:play-services-maps:7.8.0:27:5
MERGED from com.google.android.gms:play-services-base:7.8.0:18:5
MERGED from com.android.support:support-v4:22.2.1:20:5
MERGED from com.google.android.gms:play-services-wearable:7.8.0:18:5
MERGED from com.google.android.gms:play-services-base:7.8.0:18:5
MERGED from com.android.support:support-v4:22.2.1:20:5
MERGED from com.kobakei:ratethisapp:0.0.3:7:5
MERGED from com.google.android.gms:play-services:7.8.0:18:5
MERGED from com.google.android.gms:play-services-ads:7.8.0:23:5
MERGED from com.google.android.gms:play-services-base:7.8.0:18:5
MERGED from com.android.support:support-v4:22.2.1:20:5
MERGED from com.google.android.gms:play-services-analytics:7.8.0:18:5
MERGED from com.google.android.gms:play-services-base:7.8.0:18:5
MERGED from com.android.support:support-v4:22.2.1:20:5
MERGED from com.google.android.gms:play-services-appindexing:7.8.0:18:5
MERGED from com.google.android.gms:play-services-base:7.8.0:18:5
MERGED from com.android.support:support-v4:22.2.1:20:5
MERGED from com.google.android.gms:play-services-analytics:7.8.0:18:5
MERGED from com.google.android.gms:play-services-base:7.8.0:18:5
MERGED from com.android.support:support-v4:22.2.1:20:5
MERGED from com.google.android.gms:play-services-appindexing:7.8.0:18:5
MERGED from com.google.android.gms:play-services-base:7.8.0:18:5
MERGED from com.android.support:support-v4:22.2.1:20:5
MERGED from com.google.android.gms:play-services-appinvite:7.8.0:18:5
MERGED from com.google.android.gms:play-services-base:7.8.0:18:5
MERGED from com.android.support:support-v4:22.2.1:20:5
MERGED from com.google.android.gms:play-services-appstate:7.8.0:18:5
MERGED from com.google.android.gms:play-services-base:7.8.0:18:5
MERGED from com.android.support:support-v4:22.2.1:20:5
MERGED from com.google.android.gms:play-services-base:7.8.0:18:5
MERGED from com.android.support:support-v4:22.2.1:20:5
MERGED from com.google.android.gms:play-services-cast:7.8.0:18:5
MERGED from com.google.android.gms:play-services-base:7.8.0:18:5
MERGED from com.android.support:support-v4:22.2.1:20:5
MERGED from com.android.support:mediarouter-v7:22.2.0:20:5
MERGED from com.android.support:appcompat-v7:22.2.1:20:5
MERGED from com.android.support:support-v4:22.2.1:20:5
MERGED from com.google.android.gms:play-services-drive:7.8.0:18:5
MERGED from com.google.android.gms:play-services-base:7.8.0:18:5
MERGED from com.android.support:support-v4:22.2.1:20:5
MERGED from com.google.android.gms:play-services-fitness:7.8.0:18:5
MERGED from com.google.android.gms:play-services-base:7.8.0:18:5
MERGED from com.android.support:support-v4:22.2.1:20:5
MERGED from com.google.android.gms:play-services-location:7.8.0:18:5
MERGED from com.google.android.gms:play-services-base:7.8.0:18:5
MERGED from com.android.support:support-v4:22.2.1:20:5
MERGED from com.google.android.gms:play-services-maps:7.8.0:27:5
MERGED from com.google.android.gms:play-services-base:7.8.0:18:5
MERGED from com.android.support:support-v4:22.2.1:20:5
MERGED from com.google.android.gms:play-services-games:7.8.0:18:5
MERGED from com.google.android.gms:play-services-base:7.8.0:18:5
MERGED from com.android.support:support-v4:22.2.1:20:5
MERGED from com.google.android.gms:play-services-drive:7.8.0:18:5
MERGED from com.google.android.gms:play-services-base:7.8.0:18:5
MERGED from com.android.support:support-v4:22.2.1:20:5
MERGED from com.google.android.gms:play-services-gcm:7.8.0:18:5
MERGED from com.google.android.gms:play-services-base:7.8.0:18:5
MERGED from com.android.support:support-v4:22.2.1:20:5
MERGED from com.google.android.gms:play-services-identity:7.8.0:18:5
MERGED from com.google.android.gms:play-services-base:7.8.0:18:5
MERGED from com.android.support:support-v4:22.2.1:20:5
MERGED from com.google.android.gms:play-services-location:7.8.0:18:5
MERGED from com.google.android.gms:play-services-base:7.8.0:18:5
MERGED from com.android.support:support-v4:22.2.1:20:5
MERGED from com.google.android.gms:play-services-maps:7.8.0:27:5
MERGED from com.google.android.gms:play-services-base:7.8.0:18:5
MERGED from com.android.support:support-v4:22.2.1:20:5
MERGED from com.google.android.gms:play-services-maps:7.8.0:27:5
MERGED from com.google.android.gms:play-services-base:7.8.0:18:5
MERGED from com.android.support:support-v4:22.2.1:20:5
MERGED from com.google.android.gms:play-services-nearby:7.8.0:18:5
MERGED from com.google.android.gms:play-services-base:7.8.0:18:5
MERGED from com.android.support:support-v4:22.2.1:20:5
MERGED from com.google.android.gms:play-services-panorama:7.8.0:18:5
MERGED from com.google.android.gms:play-services-base:7.8.0:18:5
MERGED from com.android.support:support-v4:22.2.1:20:5
MERGED from com.google.android.gms:play-services-plus:7.8.0:18:5
MERGED from com.google.android.gms:play-services-base:7.8.0:18:5
MERGED from com.android.support:support-v4:22.2.1:20:5
MERGED from com.google.android.gms:play-services-safetynet:7.8.0:18:5
MERGED from com.google.android.gms:play-services-base:7.8.0:18:5
MERGED from com.android.support:support-v4:22.2.1:20:5
MERGED from com.google.android.gms:play-services-vision:7.8.0:4:5
MERGED from com.google.android.gms:play-services-base:7.8.0:18:5
MERGED from com.android.support:support-v4:22.2.1:20:5
MERGED from com.google.android.gms:play-services-wallet:7.8.0:19:5
MERGED from com.google.android.gms:play-services-base:7.8.0:18:5
MERGED from com.android.support:support-v4:22.2.1:20:5
MERGED from com.google.android.gms:play-services-identity:7.8.0:18:5
MERGED from com.google.android.gms:play-services-base:7.8.0:18:5
MERGED from com.android.support:support-v4:22.2.1:20:5
MERGED from com.google.android.gms:play-services-maps:7.8.0:27:5
MERGED from com.google.android.gms:play-services-base:7.8.0:18:5
MERGED from com.android.support:support-v4:22.2.1:20:5
MERGED from com.google.android.gms:play-services-wearable:7.8.0:18:5
MERGED from com.google.android.gms:play-services-base:7.8.0:18:5
MERGED from com.android.support:support-v4:22.2.1:20:5
MERGED from com.crashlytics.sdk.android:crashlytics:2.5.1:7:5
MERGED from io.fabric.sdk.android:fabric:1.3.5:23:5
MERGED from com.crashlytics.sdk.android:crashlytics-core:2.3.4:7:5
MERGED from io.fabric.sdk.android:fabric:1.3.5:23:5
MERGED from com.crashlytics.sdk.android:answers:1.3.1:7:5
MERGED from io.fabric.sdk.android:fabric:1.3.5:23:5
MERGED from com.crashlytics.sdk.android:beta:1.1.3:7:5
MERGED from io.fabric.sdk.android:fabric:1.3.5:23:5
MERGED from com.crashlytics.sdk.android:answers:1.3.1:7:5
MERGED from io.fabric.sdk.android:fabric:1.3.5:23:5
	android:targetSdkVersion
		ADDED from AndroidManifest.xml:10:5
		INJECTED from AndroidManifest.xml:0:0
		INJECTED from AndroidManifest.xml:0:0
	android:minSdkVersion
		ADDED from AndroidManifest.xml:9:5
		INJECTED from AndroidManifest.xml:0:0
		INJECTED from AndroidManifest.xml:0:0
uses-feature#0x00020000
ADDED from AndroidManifest.xml:14:5
MERGED from com.google.android.gms:play-services-maps:7.8.0:23:5
MERGED from com.google.android.gms:play-services-maps:7.8.0:23:5
MERGED from com.google.android.gms:play-services-maps:7.8.0:23:5
MERGED from com.google.android.gms:play-services-maps:7.8.0:23:5
MERGED from com.google.android.gms:play-services-maps:7.8.0:23:5
MERGED from com.google.android.gms:play-services-maps:7.8.0:23:5
MERGED from com.google.android.gms:play-services-maps:7.8.0:23:5
MERGED from com.google.android.gms:play-services-maps:7.8.0:23:5
	android:glEsVersion
		ADDED from AndroidManifest.xml:14:19
	android:required
		ADDED from AndroidManifest.xml:14:52
uses-feature#android.hardware.touchscreen
ADDED from AndroidManifest.xml:15:1
	android:required
		ADDED from AndroidManifest.xml:15:59
	android:name
		ADDED from AndroidManifest.xml:15:15
uses-permission#android.permission.WAKE_LOCK
ADDED from AndroidManifest.xml:17:1
	android:name
		ADDED from AndroidManifest.xml:17:18
uses-permission#android.permission.INTERNET
ADDED from AndroidManifest.xml:20:5
MERGED from com.google.android.gms:play-services-ads:7.8.0:20:5
MERGED from com.google.android.gms:play-services-analytics:7.8.0:21:5
MERGED from com.google.android.gms:play-services-analytics:7.8.0:21:5
MERGED from com.google.android.gms:play-services-appinvite:7.8.0:19:5
MERGED from com.google.android.gms:play-services-maps:7.8.0:21:5
MERGED from com.google.android.gms:play-services-gcm:7.8.0:22:5
MERGED from com.google.android.gms:play-services-maps:7.8.0:21:5
MERGED from com.google.android.gms:play-services-maps:7.8.0:21:5
MERGED from com.google.android.gms:play-services-wallet:7.8.0:20:5
MERGED from com.google.android.gms:play-services-maps:7.8.0:21:5
MERGED from com.google.android.gms:play-services-ads:7.8.0:20:5
MERGED from com.google.android.gms:play-services-analytics:7.8.0:21:5
MERGED from com.google.android.gms:play-services-analytics:7.8.0:21:5
MERGED from com.google.android.gms:play-services-appinvite:7.8.0:19:5
MERGED from com.google.android.gms:play-services-maps:7.8.0:21:5
MERGED from com.google.android.gms:play-services-gcm:7.8.0:22:5
MERGED from com.google.android.gms:play-services-maps:7.8.0:21:5
MERGED from com.google.android.gms:play-services-maps:7.8.0:21:5
MERGED from com.google.android.gms:play-services-wallet:7.8.0:20:5
MERGED from com.google.android.gms:play-services-maps:7.8.0:21:5
MERGED from com.crashlytics.sdk.android:crashlytics:2.5.1:9:5
MERGED from com.crashlytics.sdk.android:crashlytics-core:2.3.4:9:5
MERGED from com.crashlytics.sdk.android:answers:1.3.1:9:5
MERGED from com.crashlytics.sdk.android:answers:1.3.1:9:5
	android:name
		ADDED from AndroidManifest.xml:20:22
uses-permission#android.permission.ACCESS_NETWORK_STATE
ADDED from AndroidManifest.xml:21:5
MERGED from com.google.android.gms:play-services-ads:7.8.0:21:5
MERGED from com.google.android.gms:play-services-analytics:7.8.0:22:5
MERGED from com.google.android.gms:play-services-analytics:7.8.0:22:5
MERGED from com.google.android.gms:play-services-maps:7.8.0:20:5
MERGED from com.google.android.gms:play-services-maps:7.8.0:20:5
MERGED from com.google.android.gms:play-services-maps:7.8.0:20:5
MERGED from com.google.android.gms:play-services-nearby:7.8.0:19:5
MERGED from com.google.android.gms:play-services-maps:7.8.0:20:5
MERGED from com.google.android.gms:play-services-ads:7.8.0:21:5
MERGED from com.google.android.gms:play-services-analytics:7.8.0:22:5
MERGED from com.google.android.gms:play-services-analytics:7.8.0:22:5
MERGED from com.google.android.gms:play-services-maps:7.8.0:20:5
MERGED from com.google.android.gms:play-services-maps:7.8.0:20:5
MERGED from com.google.android.gms:play-services-maps:7.8.0:20:5
MERGED from com.google.android.gms:play-services-nearby:7.8.0:19:5
MERGED from com.google.android.gms:play-services-maps:7.8.0:20:5
	android:name
		ADDED from AndroidManifest.xml:21:22
uses-permission#com.android.vending.BILLING
ADDED from AndroidManifest.xml:23:5
	android:name
		ADDED from AndroidManifest.xml:23:22
uses-permission#android.permission.WRITE_EXTERNAL_STORAGE
ADDED from AndroidManifest.xml:25:5
MERGED from com.google.android.gms:play-services-maps:7.8.0:22:5
MERGED from com.google.android.gms:play-services-maps:7.8.0:22:5
MERGED from com.google.android.gms:play-services-maps:7.8.0:22:5
MERGED from com.google.android.gms:play-services-maps:7.8.0:22:5
MERGED from com.google.android.gms:play-services-maps:7.8.0:22:5
MERGED from com.google.android.gms:play-services-maps:7.8.0:22:5
MERGED from com.google.android.gms:play-services-maps:7.8.0:22:5
MERGED from com.google.android.gms:play-services-maps:7.8.0:22:5
	android:name
		ADDED from AndroidManifest.xml:25:22
uses-permission#android.permission.ACCESS_WIFI_STATE
ADDED from AndroidManifest.xml:26:5
	android:name
		ADDED from AndroidManifest.xml:26:22
uses-permission#android.permission.GET_ACCOUNTS
ADDED from AndroidManifest.xml:28:5
MERGED from com.google.android.gms:play-services-wallet:7.8.0:21:5
MERGED from com.google.android.gms:play-services-wallet:7.8.0:21:5
	android:name
		ADDED from AndroidManifest.xml:28:22
uses-permission#android.permission.USE_CREDENTIALS
ADDED from AndroidManifest.xml:29:5
MERGED from com.google.android.gms:play-services-wallet:7.8.0:22:5
MERGED from com.google.android.gms:play-services-wallet:7.8.0:22:5
	android:name
		ADDED from AndroidManifest.xml:29:22
application
ADDED from AndroidManifest.xml:31:1
MERGED from com.android.support:appcompat-v7:22.2.1:22:5
MERGED from com.android.support:support-v4:22.2.1:22:5
MERGED from com.android.support:appcompat-v7:22.2.1:22:5
MERGED from com.android.support:support-v4:22.2.1:22:5
MERGED from CrappyBird:BaseGameUtils:unspecified:30:5
MERGED from com.android.support:appcompat-v7:22.2.1:22:5
MERGED from com.android.support:support-v4:22.2.1:22:5
MERGED from com.android.support:support-v4:22.2.1:22:5
MERGED from com.google.android.gms:play-services:7.8.0:19:5
MERGED from com.google.android.gms:play-services-ads:7.8.0:24:5
MERGED from com.google.android.gms:play-services-base:7.8.0:20:5
MERGED from com.android.support:support-v4:22.2.1:22:5
MERGED from com.google.android.gms:play-services-analytics:7.8.0:24:5
MERGED from com.google.android.gms:play-services-base:7.8.0:20:5
MERGED from com.android.support:support-v4:22.2.1:22:5
MERGED from com.google.android.gms:play-services-appindexing:7.8.0:19:5
MERGED from com.google.android.gms:play-services-base:7.8.0:20:5
MERGED from com.android.support:support-v4:22.2.1:22:5
MERGED from com.google.android.gms:play-services-analytics:7.8.0:24:5
MERGED from com.google.android.gms:play-services-base:7.8.0:20:5
MERGED from com.android.support:support-v4:22.2.1:22:5
MERGED from com.google.android.gms:play-services-appindexing:7.8.0:19:5
MERGED from com.google.android.gms:play-services-base:7.8.0:20:5
MERGED from com.android.support:support-v4:22.2.1:22:5
MERGED from com.google.android.gms:play-services-appinvite:7.8.0:20:5
MERGED from com.google.android.gms:play-services-base:7.8.0:20:5
MERGED from com.android.support:support-v4:22.2.1:22:5
MERGED from com.google.android.gms:play-services-appstate:7.8.0:19:5
MERGED from com.google.android.gms:play-services-base:7.8.0:20:5
MERGED from com.android.support:support-v4:22.2.1:22:5
MERGED from com.google.android.gms:play-services-base:7.8.0:20:5
MERGED from com.android.support:support-v4:22.2.1:22:5
MERGED from com.google.android.gms:play-services-cast:7.8.0:19:5
MERGED from com.google.android.gms:play-services-base:7.8.0:20:5
MERGED from com.android.support:support-v4:22.2.1:22:5
MERGED from com.android.support:mediarouter-v7:22.2.0:22:5
MERGED from com.android.support:appcompat-v7:22.2.1:22:5
MERGED from com.android.support:support-v4:22.2.1:22:5
MERGED from com.google.android.gms:play-services-drive:7.8.0:19:5
MERGED from com.google.android.gms:play-services-base:7.8.0:20:5
MERGED from com.android.support:support-v4:22.2.1:22:5
MERGED from com.google.android.gms:play-services-fitness:7.8.0:19:5
MERGED from com.google.android.gms:play-services-base:7.8.0:20:5
MERGED from com.android.support:support-v4:22.2.1:22:5
MERGED from com.google.android.gms:play-services-location:7.8.0:19:5
MERGED from com.google.android.gms:play-services-base:7.8.0:20:5
MERGED from com.android.support:support-v4:22.2.1:22:5
MERGED from com.google.android.gms:play-services-maps:7.8.0:28:5
MERGED from com.google.android.gms:play-services-base:7.8.0:20:5
MERGED from com.android.support:support-v4:22.2.1:22:5
MERGED from com.google.android.gms:play-services-games:7.8.0:19:5
MERGED from com.google.android.gms:play-services-base:7.8.0:20:5
MERGED from com.android.support:support-v4:22.2.1:22:5
MERGED from com.google.android.gms:play-services-drive:7.8.0:19:5
MERGED from com.google.android.gms:play-services-base:7.8.0:20:5
MERGED from com.android.support:support-v4:22.2.1:22:5
MERGED from com.google.android.gms:play-services-gcm:7.8.0:24:5
MERGED from com.google.android.gms:play-services-base:7.8.0:20:5
MERGED from com.android.support:support-v4:22.2.1:22:5
MERGED from com.google.android.gms:play-services-identity:7.8.0:19:5
MERGED from com.google.android.gms:play-services-base:7.8.0:20:5
MERGED from com.android.support:support-v4:22.2.1:22:5
MERGED from com.google.android.gms:play-services-location:7.8.0:19:5
MERGED from com.google.android.gms:play-services-base:7.8.0:20:5
MERGED from com.android.support:support-v4:22.2.1:22:5
MERGED from com.google.android.gms:play-services-maps:7.8.0:28:5
MERGED from com.google.android.gms:play-services-base:7.8.0:20:5
MERGED from com.android.support:support-v4:22.2.1:22:5
MERGED from com.google.android.gms:play-services-maps:7.8.0:28:5
MERGED from com.google.android.gms:play-services-base:7.8.0:20:5
MERGED from com.android.support:support-v4:22.2.1:22:5
MERGED from com.google.android.gms:play-services-nearby:7.8.0:20:5
MERGED from com.google.android.gms:play-services-base:7.8.0:20:5
MERGED from com.android.support:support-v4:22.2.1:22:5
MERGED from com.google.android.gms:play-services-panorama:7.8.0:19:5
MERGED from com.google.android.gms:play-services-base:7.8.0:20:5
MERGED from com.android.support:support-v4:22.2.1:22:5
MERGED from com.google.android.gms:play-services-plus:7.8.0:19:5
MERGED from com.google.android.gms:play-services-base:7.8.0:20:5
MERGED from com.android.support:support-v4:22.2.1:22:5
MERGED from com.google.android.gms:play-services-safetynet:7.8.0:19:5
MERGED from com.google.android.gms:play-services-base:7.8.0:20:5
MERGED from com.android.support:support-v4:22.2.1:22:5
MERGED from com.google.android.gms:play-services-vision:7.8.0:5:5
MERGED from com.google.android.gms:play-services-base:7.8.0:20:5
MERGED from com.android.support:support-v4:22.2.1:22:5
MERGED from com.google.android.gms:play-services-base:7.8.0:20:5
MERGED from com.android.support:support-v4:22.2.1:22:5
MERGED from com.google.android.gms:play-services-identity:7.8.0:19:5
MERGED from com.google.android.gms:play-services-base:7.8.0:20:5
MERGED from com.android.support:support-v4:22.2.1:22:5
MERGED from com.google.android.gms:play-services-maps:7.8.0:28:5
MERGED from com.google.android.gms:play-services-base:7.8.0:20:5
MERGED from com.android.support:support-v4:22.2.1:22:5
MERGED from com.google.android.gms:play-services-wearable:7.8.0:19:5
MERGED from com.google.android.gms:play-services-base:7.8.0:20:5
MERGED from com.android.support:support-v4:22.2.1:22:5
MERGED from com.google.android.gms:play-services:7.8.0:19:5
MERGED from com.google.android.gms:play-services-ads:7.8.0:24:5
MERGED from com.google.android.gms:play-services-base:7.8.0:20:5
MERGED from com.android.support:support-v4:22.2.1:22:5
MERGED from com.google.android.gms:play-services-analytics:7.8.0:24:5
MERGED from com.google.android.gms:play-services-base:7.8.0:20:5
MERGED from com.android.support:support-v4:22.2.1:22:5
MERGED from com.google.android.gms:play-services-appindexing:7.8.0:19:5
MERGED from com.google.android.gms:play-services-base:7.8.0:20:5
MERGED from com.android.support:support-v4:22.2.1:22:5
MERGED from com.google.android.gms:play-services-analytics:7.8.0:24:5
MERGED from com.google.android.gms:play-services-base:7.8.0:20:5
MERGED from com.android.support:support-v4:22.2.1:22:5
MERGED from com.google.android.gms:play-services-appindexing:7.8.0:19:5
MERGED from com.google.android.gms:play-services-base:7.8.0:20:5
MERGED from com.android.support:support-v4:22.2.1:22:5
MERGED from com.google.android.gms:play-services-appinvite:7.8.0:20:5
MERGED from com.google.android.gms:play-services-base:7.8.0:20:5
MERGED from com.android.support:support-v4:22.2.1:22:5
MERGED from com.google.android.gms:play-services-appstate:7.8.0:19:5
MERGED from com.google.android.gms:play-services-base:7.8.0:20:5
MERGED from com.android.support:support-v4:22.2.1:22:5
MERGED from com.google.android.gms:play-services-base:7.8.0:20:5
MERGED from com.android.support:support-v4:22.2.1:22:5
MERGED from com.google.android.gms:play-services-cast:7.8.0:19:5
MERGED from com.google.android.gms:play-services-base:7.8.0:20:5
MERGED from com.android.support:support-v4:22.2.1:22:5
MERGED from com.android.support:mediarouter-v7:22.2.0:22:5
MERGED from com.android.support:appcompat-v7:22.2.1:22:5
MERGED from com.android.support:support-v4:22.2.1:22:5
MERGED from com.google.android.gms:play-services-drive:7.8.0:19:5
MERGED from com.google.android.gms:play-services-base:7.8.0:20:5
MERGED from com.android.support:support-v4:22.2.1:22:5
MERGED from com.google.android.gms:play-services-fitness:7.8.0:19:5
MERGED from com.google.android.gms:play-services-base:7.8.0:20:5
MERGED from com.android.support:support-v4:22.2.1:22:5
MERGED from com.google.android.gms:play-services-location:7.8.0:19:5
MERGED from com.google.android.gms:play-services-base:7.8.0:20:5
MERGED from com.android.support:support-v4:22.2.1:22:5
MERGED from com.google.android.gms:play-services-maps:7.8.0:28:5
MERGED from com.google.android.gms:play-services-base:7.8.0:20:5
MERGED from com.android.support:support-v4:22.2.1:22:5
MERGED from com.google.android.gms:play-services-games:7.8.0:19:5
MERGED from com.google.android.gms:play-services-base:7.8.0:20:5
MERGED from com.android.support:support-v4:22.2.1:22:5
MERGED from com.google.android.gms:play-services-drive:7.8.0:19:5
MERGED from com.google.android.gms:play-services-base:7.8.0:20:5
MERGED from com.android.support:support-v4:22.2.1:22:5
MERGED from com.google.android.gms:play-services-gcm:7.8.0:24:5
MERGED from com.google.android.gms:play-services-base:7.8.0:20:5
MERGED from com.android.support:support-v4:22.2.1:22:5
MERGED from com.google.android.gms:play-services-identity:7.8.0:19:5
MERGED from com.google.android.gms:play-services-base:7.8.0:20:5
MERGED from com.android.support:support-v4:22.2.1:22:5
MERGED from com.google.android.gms:play-services-location:7.8.0:19:5
MERGED from com.google.android.gms:play-services-base:7.8.0:20:5
MERGED from com.android.support:support-v4:22.2.1:22:5
MERGED from com.google.android.gms:play-services-maps:7.8.0:28:5
MERGED from com.google.android.gms:play-services-base:7.8.0:20:5
MERGED from com.android.support:support-v4:22.2.1:22:5
MERGED from com.google.android.gms:play-services-maps:7.8.0:28:5
MERGED from com.google.android.gms:play-services-base:7.8.0:20:5
MERGED from com.android.support:support-v4:22.2.1:22:5
MERGED from com.google.android.gms:play-services-nearby:7.8.0:20:5
MERGED from com.google.android.gms:play-services-base:7.8.0:20:5
MERGED from com.android.support:support-v4:22.2.1:22:5
MERGED from com.google.android.gms:play-services-panorama:7.8.0:19:5
MERGED from com.google.android.gms:play-services-base:7.8.0:20:5
MERGED from com.android.support:support-v4:22.2.1:22:5
MERGED from com.google.android.gms:play-services-plus:7.8.0:19:5
MERGED from com.google.android.gms:play-services-base:7.8.0:20:5
MERGED from com.android.support:support-v4:22.2.1:22:5
MERGED from com.google.android.gms:play-services-safetynet:7.8.0:19:5
MERGED from com.google.android.gms:play-services-base:7.8.0:20:5
MERGED from com.android.support:support-v4:22.2.1:22:5
MERGED from com.google.android.gms:play-services-vision:7.8.0:5:5
MERGED from com.google.android.gms:play-services-base:7.8.0:20:5
MERGED from com.android.support:support-v4:22.2.1:22:5
MERGED from com.google.android.gms:play-services-base:7.8.0:20:5
MERGED from com.android.support:support-v4:22.2.1:22:5
MERGED from com.google.android.gms:play-services-identity:7.8.0:19:5
MERGED from com.google.android.gms:play-services-base:7.8.0:20:5
MERGED from com.android.support:support-v4:22.2.1:22:5
MERGED from com.google.android.gms:play-services-maps:7.8.0:28:5
MERGED from com.google.android.gms:play-services-base:7.8.0:20:5